0 info it worked if it ends with ok
1 verbose cli [ '/usr/local/bin/node', '/usr/local/bin/npm', 'publish' ]
2 info using npm@3.10.10
3 info using node@v6.9.4
4 verbose publish [ '.' ]
5 silly cache add args [ '.', null ]
6 verbose cache add spec .
7 silly cache add parsed spec Result {
7 silly cache add   raw: '.',
7 silly cache add   scope: null,
7 silly cache add   escapedName: null,
7 silly cache add   name: null,
7 silly cache add   rawSpec: '.',
7 silly cache add   spec: '/Users/hon_chau/workspace/feathers-express-cassandra',
7 silly cache add   type: 'directory' }
8 verbose addLocalDirectory /Users/hon_chau/.npm/feathers-express-cassandra/0.1.0/package.tgz not in flight; packing
9 verbose correctMkdir /Users/hon_chau/.npm correctMkdir not in flight; initializing
10 info lifecycle feathers-express-cassandra@0.1.0~prepublish: feathers-express-cassandra@0.1.0
11 silly lifecycle feathers-express-cassandra@0.1.0~prepublish: no script for prepublish, continuing
12 verbose tar pack [ '/Users/hon_chau/.npm/feathers-express-cassandra/0.1.0/package.tgz',
12 verbose tar pack   '/Users/hon_chau/workspace/feathers-express-cassandra' ]
13 verbose tarball /Users/hon_chau/.npm/feathers-express-cassandra/0.1.0/package.tgz
14 verbose folder /Users/hon_chau/workspace/feathers-express-cassandra
15 verbose addLocalTarball adding from inside cache /Users/hon_chau/.npm/feathers-express-cassandra/0.1.0/package.tgz
16 verbose correctMkdir /Users/hon_chau/.npm correctMkdir not in flight; initializing
17 silly cache afterAdd feathers-express-cassandra@0.1.0
18 verbose afterAdd /Users/hon_chau/.npm/feathers-express-cassandra/0.1.0/package/package.json not in flight; writing
19 verbose correctMkdir /Users/hon_chau/.npm correctMkdir not in flight; initializing
20 verbose afterAdd /Users/hon_chau/.npm/feathers-express-cassandra/0.1.0/package/package.json written
21 silly publish { name: 'feathers-express-cassandra',
21 silly publish   version: '0.1.0',
21 silly publish   description: 'A Feathers service adapter for the Cassandra ORM (express-cassandra)',
21 silly publish   main: 'index.js',
21 silly publish   directories: { example: 'example' },
21 silly publish   dependencies:
21 silly publish    { 'cassandra-driver': '^3.2.0',
21 silly publish      'feathers-commons': '^0.8.4',
21 silly publish      'feathers-errors': '^2.0.1',
21 silly publish      'feathers-query-filters': '^2.0.0',
21 silly publish      'lodash.isequal': '^4.5.0',
21 silly publish      'lodash.omit': '^4.3.0',
21 silly publish      uberproto: '^1.1.2' },
21 silly publish   devDependencies:
21 silly publish    { 'express-cassandra': '^1.7.2',
21 silly publish      'babel-cli': '^6.1.2',
21 silly publish      'babel-core': '^6.1.2',
21 silly publish      'babel-plugin-add-module-exports': '^0.2.0',
21 silly publish      'babel-plugin-transform-object-assign': '^6.1.18',
21 silly publish      'babel-preset-es2015': '^6.18.0',
21 silly publish      'body-parser': '^1.14.1',
21 silly publish      chai: '^3.4.1',
21 silly publish      'eslint-if-supported': '^1.0.1',
21 silly publish      feathers: '^2.0.0',
21 silly publish      'feathers-rest': '^1.3.0',
21 silly publish      'feathers-service-tests': '^0.9.0',
21 silly publish      istanbul: '^1.1.0-alpha.1',
21 silly publish      mocha: '^3.0.0',
21 silly publish      rimraf: '^2.5.4',
21 silly publish      semistandard: '^9.1.0' },
21 silly publish   scripts: { test: 'npm run lint && npm run coverage' },
21 silly publish   repository:
21 silly publish    { type: 'git',
21 silly publish      url: 'git://github.com/asplogic/feathers-express-cassandra.git' },
21 silly publish   keywords: [ 'feathers', 'cassandra', 'express-cassandra', 'database', 'db' ],
21 silly publish   author: { name: 'Hon Chau' },
21 silly publish   license: 'MIT',
21 silly publish   bugs: { url: 'https://github.com/asplogic/feathers-express-cassandra/issues' },
21 silly publish   homepage: 'https://github.com/asplogic/feathers-express-cassandra#readme',
21 silly publish   readme: '# feathers-express-cassandra\n\n> A service adapter for [Cassandra](https://github.com/masumsoft/express-cassandra), a Cassandra ORM\n\n## Inspiration\nhttps://github.com/feathersjs/feathers-sequelize\n\n## Installation\n\n```bash\nnpm install ffeathers-express-cassandra --save\n```\n\n## Documentation\nCOMING SOON\n\n## License\n\nCopyright (c) 2017\n\nLicensed under the [MIT license](LICENSE).\n',
21 silly publish   readmeFilename: 'README.md',
21 silly publish   gitHead: 'eda6b013dee12c2c828484a1d82fec5ad52f1ecc',
21 silly publish   _id: 'feathers-express-cassandra@0.1.0',
21 silly publish   _shasum: '76ca49e2d4f59c10ada128bd685b66b0a9e56ce5',
21 silly publish   _from: '.' }
22 verbose getPublishConfig undefined
23 silly mapToRegistry name feathers-express-cassandra
24 silly mapToRegistry using default registry
25 silly mapToRegistry registry https://registry.npmjs.org/
26 silly mapToRegistry data Result {
26 silly mapToRegistry   raw: 'feathers-express-cassandra',
26 silly mapToRegistry   scope: null,
26 silly mapToRegistry   escapedName: 'feathers-express-cassandra',
26 silly mapToRegistry   name: 'feathers-express-cassandra',
26 silly mapToRegistry   rawSpec: '',
26 silly mapToRegistry   spec: 'latest',
26 silly mapToRegistry   type: 'tag' }
27 silly mapToRegistry uri https://registry.npmjs.org/feathers-express-cassandra
28 verbose publish registryBase https://registry.npmjs.org/
29 silly publish uploading /Users/hon_chau/.npm/feathers-express-cassandra/0.1.0/package.tgz
30 verbose request uri https://registry.npmjs.org/feathers-express-cassandra
31 verbose request sending authorization for write operation
32 info attempt registry request try #1 at 12:06:16 AM
33 verbose request using bearer token for auth
34 verbose request id ea8aeff1ad23b711
35 http request PUT https://registry.npmjs.org/feathers-express-cassandra
36 http 403 https://registry.npmjs.org/feathers-express-cassandra
37 verbose headers { 'content-type': 'application/json',
37 verbose headers   'cache-control': 'max-age=300',
37 verbose headers   'content-length': '95',
37 verbose headers   'accept-ranges': 'bytes',
37 verbose headers   date: 'Thu, 19 Jan 2017 08:06:16 GMT',
37 verbose headers   via: '1.1 varnish',
37 verbose headers   connection: 'keep-alive',
37 verbose headers   'x-served-by': 'cache-sjc3627-SJC',
37 verbose headers   'x-cache': 'MISS',
37 verbose headers   'x-cache-hits': '0',
37 verbose headers   'x-timer': 'S1484813176.469260,VS0,VE129',
37 verbose headers   vary: 'Accept-Encoding' }
38 verbose request invalidating /Users/hon_chau/.npm/registry.npmjs.org/feathers-express-cassandra on PUT
39 error publish Failed PUT 403
40 verbose stack Error: "You cannot publish over the previously published version 0.1.0." : feathers-express-cassandra
40 verbose stack     at makeError (/usr/local/lib/node_modules/npm/node_modules/npm-registry-client/lib/request.js:302:12)
40 verbose stack     at CachingRegistryClient.<anonymous> (/usr/local/lib/node_modules/npm/node_modules/npm-registry-client/lib/request.js:290:14)
40 verbose stack     at Request._callback (/usr/local/lib/node_modules/npm/node_modules/npm-registry-client/lib/request.js:210:14)
40 verbose stack     at Request.self.callback (/usr/local/lib/node_modules/npm/node_modules/request/request.js:187:22)
40 verbose stack     at emitTwo (events.js:106:13)
40 verbose stack     at Request.emit (events.js:191:7)
40 verbose stack     at Request.<anonymous> (/usr/local/lib/node_modules/npm/node_modules/request/request.js:1048:10)
40 verbose stack     at emitOne (events.js:96:13)
40 verbose stack     at Request.emit (events.js:188:7)
40 verbose stack     at IncomingMessage.<anonymous> (/usr/local/lib/node_modules/npm/node_modules/request/request.js:969:12)
41 verbose statusCode 403
42 verbose pkgid feathers-express-cassandra
43 verbose cwd /Users/hon_chau/workspace/feathers-express-cassandra
44 error Darwin 15.6.0
45 error argv "/usr/local/bin/node" "/usr/local/bin/npm" "publish"
46 error node v6.9.4
47 error npm  v3.10.10
48 error code E403
49 error "You cannot publish over the previously published version 0.1.0." : feathers-express-cassandra
50 error If you need help, you may report this error at:
50 error     <https://github.com/npm/npm/issues>
51 verbose exit [ 1, true ]
